Outputs logging started.
[08:09:39] Outputs logging started.
[08:09:39] Loading inputs
[08:09:43] Loaded: n=4036, p=20; features=13
[08:09:43] Computing model comparison metrics (if models present)
[08:09:43] No comparable models/predictions found for metrics.
[08:09:43] SKIP_PARTIALS=1: skipping partial dependence computations and tables
[08:09:43] Creating tables: tbl_one (timeout=120s)
Joining with `by = join_by(group)`
tabulate_characteristics: grouped flextable build failed (argument "keys" is missing, with no default); using simple table fallback.
[08:09:44] Creating tables: tbl_predictor_smry (timeout=120s)
Joining with `by = join_by(variable)`
[08:09:44] Creating tables: tbl_variables (timeout=120s)
Joining with `by = join_by(variable)`
Joining with `by = join_by(variable)`
[08:09:44] Saving outputs
[08:09:44] Saved outputs to data/outputs
[08:09:44] Building normalized feature-importance tables (MC-CV)
[08:09:44] MC FI summary not found for 'full': C:/Projects/phts/graft-loss/data/models/model_mc_importance_full.csv
[08:09:44] MC FI summary not found for 'original': C:/Projects/phts/graft-loss/data/models/model_mc_importance_original.csv
[08:09:44] Building model selection rationale artifacts
[08:09:45] Saved: C:/Projects/phts/graft-loss/data/models/model_selection_summary.csv, C:/Projects/phts/graft-loss/data/models/model_selection_summary.md, C:/Projects/phts/graft-loss/data/models/model_selection_rationale.json
[08:09:45] Checking for CatBoost CSV artifacts
