==== Graft Loss Pipeline Run ====
Run ID       : 20250919_011011
Project Root : C:\Projects\phts
R Version    : 4.5.1
Timestamp    : 2025-09-19 01:10:11 EDT
EXCLUDE_COVID: 0
ORIGINAL_STUDY: 1
USE_ENCODED : 0
MC_CV       : 0
MC_START_AT : 1
MC_MAX_SPLITS: 
=================================

Partial execution: starting at step 04_fit_model (index 5)
[STEP MISSING] 04_fit_model | Missing script: scripts/04_fit_model.R
[STEP MISSING] 05_generate_outputs | Missing script: scripts/05_generate_outputs.R
=================================
Log file     : logs/pipeline_20250919_011011.log
Summary CSV  : logs/pipeline_20250919_011011_summary.csv
=================================

                 step  status start_time end_time duration_sec warnings
1        04_fit_model missing       <NA>     <NA>           NA        0
2 05_generate_outputs missing       <NA>     <NA>           NA        0
                                  error_message
1        Missing script: scripts/04_fit_model.R
2 Missing script: scripts/05_generate_outputs.R
